[2022-08-07 15:41:58,081] {taskinstance.py:1179} INFO - Dependencies all met for <TaskInstance: load_ad_data.load_design_data manual__2022-08-07T11:53:09.761078+00:00 [queued]>
[2022-08-07 15:41:58,136] {taskinstance.py:1179} INFO - Dependencies all met for <TaskInstance: load_ad_data.load_design_data manual__2022-08-07T11:53:09.761078+00:00 [queued]>
[2022-08-07 15:41:58,136] {taskinstance.py:1376} INFO - 
--------------------------------------------------------------------------------
[2022-08-07 15:41:58,136] {taskinstance.py:1377} INFO - Starting attempt 1 of 6
[2022-08-07 15:41:58,136] {taskinstance.py:1378} INFO - 
--------------------------------------------------------------------------------
[2022-08-07 15:41:58,146] {taskinstance.py:1397} INFO - Executing <Task(PostgresOperator): load_design_data> on 2022-08-07 11:53:09.761078+00:00
[2022-08-07 15:41:58,149] {standard_task_runner.py:52} INFO - Started process 126864 to run task
[2022-08-07 15:41:58,151] {standard_task_runner.py:79} INFO - Running: ['airflow', 'tasks', 'run', 'load_ad_data', 'load_design_data', 'manual__2022-08-07T11:53:09.761078+00:00', '--job-id', '246', '--raw', '--subdir', 'DAGS_FOLDER/create_dag_raw_data_loader.py', '--cfg-path', '/tmp/tmp759hfvdh', '--error-file', '/tmp/tmpz26sjigy']
[2022-08-07 15:41:58,152] {standard_task_runner.py:80} INFO - Job 246: Subtask load_design_data
[2022-08-07 15:41:58,164] {logging_mixin.py:115} WARNING - /home/hp/miniconda3/envs/checker/lib/python3.8/site-packages/airflow/configuration.py:532 DeprecationWarning: The sql_engine_encoding option in [core] has been moved to the sql_engine_encoding option in [database] - the old setting has been used, but please update your config.
[2022-08-07 15:41:58,183] {task_command.py:371} INFO - Running <TaskInstance: load_ad_data.load_design_data manual__2022-08-07T11:53:09.761078+00:00 [running]> on host hp-HP-Pavilion-Laptop-15-eg0xxx
[2022-08-07 15:41:58,216] {taskinstance.py:1589} INFO - Exporting the following env vars:
AIRFLOW_CTX_DAG_OWNER=tesfaye
AIRFLOW_CTX_DAG_ID=load_ad_data
AIRFLOW_CTX_TASK_ID=load_design_data
AIRFLOW_CTX_EXECUTION_DATE=2022-08-07T11:53:09.761078+00:00
AIRFLOW_CTX_TRY_NUMBER=1
AIRFLOW_CTX_DAG_RUN_ID=manual__2022-08-07T11:53:09.761078+00:00
[2022-08-07 15:41:58,224] {base.py:68} INFO - Using connection ID 'postgres_connection' for task execution.
[2022-08-07 15:41:58,233] {sql.py:255} INFO - Running statement: COPY design FROM '/home/hp/airflow/data/structured_design_data.csv' WITH DELIMITER AS ',' NULL AS '\null' CSV HEADER;, parameters: None
[2022-08-07 15:41:58,307] {sql.py:264} INFO - Rows affected: 1001
[2022-08-07 15:41:58,316] {taskinstance.py:1415} INFO - Marking task as SUCCESS. dag_id=load_ad_data, task_id=load_design_data, execution_date=20220807T115309, start_date=20220807T124158, end_date=20220807T124158
[2022-08-07 15:41:58,363] {local_task_job.py:156} INFO - Task exited with return code 0
[2022-08-07 15:41:58,379] {local_task_job.py:273} INFO - 0 downstream tasks scheduled from follow-on schedule check
