[2022-08-07 14:57:23,958] {taskinstance.py:1179} INFO - Dependencies all met for <TaskInstance: load_ad_data.create_raw_campaigns_inventory_table manual__2022-08-07T11:53:09.761078+00:00 [queued]>
[2022-08-07 14:57:24,013] {taskinstance.py:1179} INFO - Dependencies all met for <TaskInstance: load_ad_data.create_raw_campaigns_inventory_table manual__2022-08-07T11:53:09.761078+00:00 [queued]>
[2022-08-07 14:57:24,013] {taskinstance.py:1376} INFO - 
--------------------------------------------------------------------------------
[2022-08-07 14:57:24,013] {taskinstance.py:1377} INFO - Starting attempt 1 of 6
[2022-08-07 14:57:24,013] {taskinstance.py:1378} INFO - 
--------------------------------------------------------------------------------
[2022-08-07 14:57:24,021] {taskinstance.py:1397} INFO - Executing <Task(PostgresOperator): create_raw_campaigns_inventory_table> on 2022-08-07 11:53:09.761078+00:00
[2022-08-07 14:57:24,023] {standard_task_runner.py:52} INFO - Started process 94286 to run task
[2022-08-07 14:57:24,025] {standard_task_runner.py:79} INFO - Running: ['airflow', 'tasks', 'run', 'load_ad_data', 'create_raw_campaigns_inventory_table', 'manual__2022-08-07T11:53:09.761078+00:00', '--job-id', '155', '--raw', '--subdir', 'DAGS_FOLDER/create_dag_raw_data_loader.py', '--cfg-path', '/tmp/tmplpp1pi2t', '--error-file', '/tmp/tmpckdqx_4i']
[2022-08-07 14:57:24,025] {standard_task_runner.py:80} INFO - Job 155: Subtask create_raw_campaigns_inventory_table
[2022-08-07 14:57:24,034] {logging_mixin.py:115} WARNING - /home/hp/miniconda3/envs/checker/lib/python3.8/site-packages/airflow/configuration.py:532 DeprecationWarning: The sql_engine_encoding option in [core] has been moved to the sql_engine_encoding option in [database] - the old setting has been used, but please update your config.
[2022-08-07 14:57:24,049] {task_command.py:371} INFO - Running <TaskInstance: load_ad_data.create_raw_campaigns_inventory_table manual__2022-08-07T11:53:09.761078+00:00 [running]> on host hp-HP-Pavilion-Laptop-15-eg0xxx
[2022-08-07 14:57:24,075] {taskinstance.py:1589} INFO - Exporting the following env vars:
AIRFLOW_CTX_DAG_OWNER=tesfaye
AIRFLOW_CTX_DAG_ID=load_ad_data
AIRFLOW_CTX_TASK_ID=create_raw_campaigns_inventory_table
AIRFLOW_CTX_EXECUTION_DATE=2022-08-07T11:53:09.761078+00:00
AIRFLOW_CTX_TRY_NUMBER=1
AIRFLOW_CTX_DAG_RUN_ID=manual__2022-08-07T11:53:09.761078+00:00
[2022-08-07 14:57:24,081] {base.py:68} INFO - Using connection ID 'postgres_connection' for task execution.
[2022-08-07 14:57:24,087] {sql.py:255} INFO - Running statement: create table IF NOT EXISTS "campaigns_inventory_updated" (
    "type" varchar(19), 
    "width" text null,
    "height" text null, 
    "campaign_id" varchar(7), 
    "creative_id" varchar(8), 
    "auction_id" varchar(36), 
    "browser_ts" timestamptz, 
    "game_key" varchar(99), 
    "geo_country" text null, 
    "site_name" text, 
    "platform_os" varchar(7), 
    "device_type" text null, 
    "browser" varchar(26) null), parameters: None
[2022-08-07 14:57:24,088] {postgres.py:94} INFO - NOTICE:  relation "campaigns_inventory_updated" already exists, skipping

[2022-08-07 14:57:24,092] {taskinstance.py:1415} INFO - Marking task as SUCCESS. dag_id=load_ad_data, task_id=create_raw_campaigns_inventory_table, execution_date=20220807T115309, start_date=20220807T115723, end_date=20220807T115724
[2022-08-07 14:57:24,116] {local_task_job.py:156} INFO - Task exited with return code 0
[2022-08-07 14:57:24,133] {local_task_job.py:273} INFO - 1 downstream tasks scheduled from follow-on schedule check
