[2022-08-07 14:57:46,486] {taskinstance.py:1179} INFO - Dependencies all met for <TaskInstance: load_ad_data.create_raw_design_data_table manual__2022-08-07T11:47:31.648532+00:00 [queued]>
[2022-08-07 14:57:46,535] {taskinstance.py:1179} INFO - Dependencies all met for <TaskInstance: load_ad_data.create_raw_design_data_table manual__2022-08-07T11:47:31.648532+00:00 [queued]>
[2022-08-07 14:57:46,535] {taskinstance.py:1376} INFO - 
--------------------------------------------------------------------------------
[2022-08-07 14:57:46,535] {taskinstance.py:1377} INFO - Starting attempt 1 of 6
[2022-08-07 14:57:46,535] {taskinstance.py:1378} INFO - 
--------------------------------------------------------------------------------
[2022-08-07 14:57:46,544] {taskinstance.py:1397} INFO - Executing <Task(PostgresOperator): create_raw_design_data_table> on 2022-08-07 11:47:31.648532+00:00
[2022-08-07 14:57:46,546] {standard_task_runner.py:52} INFO - Started process 94745 to run task
[2022-08-07 14:57:46,548] {standard_task_runner.py:79} INFO - Running: ['airflow', 'tasks', 'run', 'load_ad_data', 'create_raw_design_data_table', 'manual__2022-08-07T11:47:31.648532+00:00', '--job-id', '162', '--raw', '--subdir', 'DAGS_FOLDER/create_dag_raw_data_loader.py', '--cfg-path', '/tmp/tmp635utqde', '--error-file', '/tmp/tmpu_okg9z5']
[2022-08-07 14:57:46,548] {standard_task_runner.py:80} INFO - Job 162: Subtask create_raw_design_data_table
[2022-08-07 14:57:46,558] {logging_mixin.py:115} WARNING - /home/hp/miniconda3/envs/checker/lib/python3.8/site-packages/airflow/configuration.py:532 DeprecationWarning: The sql_engine_encoding option in [core] has been moved to the sql_engine_encoding option in [database] - the old setting has been used, but please update your config.
[2022-08-07 14:57:46,572] {task_command.py:371} INFO - Running <TaskInstance: load_ad_data.create_raw_design_data_table manual__2022-08-07T11:47:31.648532+00:00 [running]> on host hp-HP-Pavilion-Laptop-15-eg0xxx
[2022-08-07 14:57:46,598] {taskinstance.py:1589} INFO - Exporting the following env vars:
AIRFLOW_CTX_DAG_OWNER=tesfaye
AIRFLOW_CTX_DAG_ID=load_ad_data
AIRFLOW_CTX_TASK_ID=create_raw_design_data_table
AIRFLOW_CTX_EXECUTION_DATE=2022-08-07T11:47:31.648532+00:00
AIRFLOW_CTX_TRY_NUMBER=1
AIRFLOW_CTX_DAG_RUN_ID=manual__2022-08-07T11:47:31.648532+00:00
[2022-08-07 14:57:46,604] {base.py:68} INFO - Using connection ID 'postgres_connection' for task execution.
[2022-08-07 14:57:46,610] {sql.py:255} INFO - Running statement: create table IF NOT EXISTS "design" (
    "game_key" varchar(79), 
    "labels" text, 
    "text" text, 
    "colors" text, 
    "videos_data" varchar(226), 
    "eng_type" varchar(28) null, 
    "direction" varchar(29), 
    "adunit_sizes" varchar(31) null), parameters: None
[2022-08-07 14:57:46,611] {postgres.py:94} INFO - NOTICE:  relation "design" already exists, skipping

[2022-08-07 14:57:46,614] {taskinstance.py:1415} INFO - Marking task as SUCCESS. dag_id=load_ad_data, task_id=create_raw_design_data_table, execution_date=20220807T114731, start_date=20220807T115746, end_date=20220807T115746
[2022-08-07 14:57:46,639] {local_task_job.py:156} INFO - Task exited with return code 0
[2022-08-07 14:57:46,656] {local_task_job.py:273} INFO - 1 downstream tasks scheduled from follow-on schedule check
