[2022-08-07 15:34:58,849] {taskinstance.py:1179} INFO - Dependencies all met for <TaskInstance: load_ad_data.create_raw_design_data_table manual__2022-08-07T11:53:09.761078+00:00 [queued]>
[2022-08-07 15:34:58,909] {taskinstance.py:1179} INFO - Dependencies all met for <TaskInstance: load_ad_data.create_raw_design_data_table manual__2022-08-07T11:53:09.761078+00:00 [queued]>
[2022-08-07 15:34:58,909] {taskinstance.py:1376} INFO - 
--------------------------------------------------------------------------------
[2022-08-07 15:34:58,909] {taskinstance.py:1377} INFO - Starting attempt 7 of 12
[2022-08-07 15:34:58,909] {taskinstance.py:1378} INFO - 
--------------------------------------------------------------------------------
[2022-08-07 15:34:58,920] {taskinstance.py:1397} INFO - Executing <Task(PostgresOperator): create_raw_design_data_table> on 2022-08-07 11:53:09.761078+00:00
[2022-08-07 15:34:58,923] {standard_task_runner.py:52} INFO - Started process 120998 to run task
[2022-08-07 15:34:58,926] {standard_task_runner.py:79} INFO - Running: ['airflow', 'tasks', 'run', 'load_ad_data', 'create_raw_design_data_table', 'manual__2022-08-07T11:53:09.761078+00:00', '--job-id', '223', '--raw', '--subdir', 'DAGS_FOLDER/create_dag_raw_data_loader.py', '--cfg-path', '/tmp/tmpx9g4t_vx', '--error-file', '/tmp/tmp89ty1t66']
[2022-08-07 15:34:58,926] {standard_task_runner.py:80} INFO - Job 223: Subtask create_raw_design_data_table
[2022-08-07 15:34:58,939] {logging_mixin.py:115} WARNING - /home/hp/miniconda3/envs/checker/lib/python3.8/site-packages/airflow/configuration.py:532 DeprecationWarning: The sql_engine_encoding option in [core] has been moved to the sql_engine_encoding option in [database] - the old setting has been used, but please update your config.
[2022-08-07 15:34:58,959] {task_command.py:371} INFO - Running <TaskInstance: load_ad_data.create_raw_design_data_table manual__2022-08-07T11:53:09.761078+00:00 [running]> on host hp-HP-Pavilion-Laptop-15-eg0xxx
[2022-08-07 15:34:58,990] {taskinstance.py:1589} INFO - Exporting the following env vars:
AIRFLOW_CTX_DAG_OWNER=tesfaye
AIRFLOW_CTX_DAG_ID=load_ad_data
AIRFLOW_CTX_TASK_ID=create_raw_design_data_table
AIRFLOW_CTX_EXECUTION_DATE=2022-08-07T11:53:09.761078+00:00
AIRFLOW_CTX_TRY_NUMBER=7
AIRFLOW_CTX_DAG_RUN_ID=manual__2022-08-07T11:53:09.761078+00:00
[2022-08-07 15:34:58,999] {base.py:68} INFO - Using connection ID 'postgres_connection' for task execution.
[2022-08-07 15:34:59,007] {sql.py:255} INFO - Running statement: create table IF NOT EXISTS "design" (
    "game_key" varchar(79), 
    "labels" text, 
    "text" text, 
    "colors" text, 
    "videos_data" varchar(226), 
    "eng_type" varchar(28) null, 
    "direction" varchar(29), 
    "adunit_sizes" varchar(31) null), parameters: None
[2022-08-07 15:34:59,008] {postgres.py:94} INFO - NOTICE:  relation "design" already exists, skipping

[2022-08-07 15:34:59,013] {taskinstance.py:1415} INFO - Marking task as SUCCESS. dag_id=load_ad_data, task_id=create_raw_design_data_table, execution_date=20220807T115309, start_date=20220807T123458, end_date=20220807T123459
[2022-08-07 15:34:59,057] {local_task_job.py:156} INFO - Task exited with return code 0
[2022-08-07 15:34:59,079] {local_task_job.py:273} INFO - 1 downstream tasks scheduled from follow-on schedule check
