[2022-08-07 15:24:12,545] {taskinstance.py:1179} INFO - Dependencies all met for <TaskInstance: load_ad_data.load_briefing_data manual__2022-08-07T11:53:09.761078+00:00 [queued]>
[2022-08-07 15:24:12,597] {taskinstance.py:1179} INFO - Dependencies all met for <TaskInstance: load_ad_data.load_briefing_data manual__2022-08-07T11:53:09.761078+00:00 [queued]>
[2022-08-07 15:24:12,597] {taskinstance.py:1376} INFO - 
--------------------------------------------------------------------------------
[2022-08-07 15:24:12,597] {taskinstance.py:1377} INFO - Starting attempt 12 of 17
[2022-08-07 15:24:12,597] {taskinstance.py:1378} INFO - 
--------------------------------------------------------------------------------
[2022-08-07 15:24:12,607] {taskinstance.py:1397} INFO - Executing <Task(PostgresOperator): load_briefing_data> on 2022-08-07 11:53:09.761078+00:00
[2022-08-07 15:24:12,609] {standard_task_runner.py:52} INFO - Started process 112820 to run task
[2022-08-07 15:24:12,611] {standard_task_runner.py:79} INFO - Running: ['airflow', 'tasks', 'run', 'load_ad_data', 'load_briefing_data', 'manual__2022-08-07T11:53:09.761078+00:00', '--job-id', '208', '--raw', '--subdir', 'DAGS_FOLDER/create_dag_raw_data_loader.py', '--cfg-path', '/tmp/tmpmazu9ivy', '--error-file', '/tmp/tmpm_kpc6ki']
[2022-08-07 15:24:12,611] {standard_task_runner.py:80} INFO - Job 208: Subtask load_briefing_data
[2022-08-07 15:24:12,623] {logging_mixin.py:115} WARNING - /home/hp/miniconda3/envs/checker/lib/python3.8/site-packages/airflow/configuration.py:532 DeprecationWarning: The sql_engine_encoding option in [core] has been moved to the sql_engine_encoding option in [database] - the old setting has been used, but please update your config.
[2022-08-07 15:24:12,636] {task_command.py:371} INFO - Running <TaskInstance: load_ad_data.load_briefing_data manual__2022-08-07T11:53:09.761078+00:00 [running]> on host hp-HP-Pavilion-Laptop-15-eg0xxx
[2022-08-07 15:24:12,660] {taskinstance.py:1589} INFO - Exporting the following env vars:
AIRFLOW_CTX_DAG_OWNER=tesfaye
AIRFLOW_CTX_DAG_ID=load_ad_data
AIRFLOW_CTX_TASK_ID=load_briefing_data
AIRFLOW_CTX_EXECUTION_DATE=2022-08-07T11:53:09.761078+00:00
AIRFLOW_CTX_TRY_NUMBER=12
AIRFLOW_CTX_DAG_RUN_ID=manual__2022-08-07T11:53:09.761078+00:00
[2022-08-07 15:24:12,665] {base.py:68} INFO - Using connection ID 'postgres_connection' for task execution.
[2022-08-07 15:24:12,672] {sql.py:255} INFO - Running statement: COPY briefing FROM '/home/hp/airflow/data/briefing.csv' WITH DELIMITER AS ',' NULL AS '\null' CSV HEADER;, parameters: None
[2022-08-07 15:24:12,672] {taskinstance.py:1909} ERROR - Task failed with exception
Traceback (most recent call last):
  File "/home/hp/miniconda3/envs/checker/lib/python3.8/site-packages/airflow/providers/postgres/operators/postgres.py", line 92, in execute
    self.hook.run(self.sql, self.autocommit, parameters=self.parameters)
  File "/home/hp/miniconda3/envs/checker/lib/python3.8/site-packages/airflow/providers/common/sql/hooks/sql.py", line 234, in run
    self._run_command(cur, sql_statement, parameters)
  File "/home/hp/miniconda3/envs/checker/lib/python3.8/site-packages/airflow/providers/common/sql/hooks/sql.py", line 260, in _run_command
    cur.execute(sql_statement)
psycopg2.errors.InvalidTextRepresentation: invalid input syntax for type real: ""
CONTEXT:  COPY briefing, line 19, column flat_fee: ""

[2022-08-07 15:24:12,674] {taskinstance.py:1415} INFO - Marking task as UP_FOR_RETRY. dag_id=load_ad_data, task_id=load_briefing_data, execution_date=20220807T115309, start_date=20220807T122412, end_date=20220807T122412
[2022-08-07 15:24:12,683] {standard_task_runner.py:92} ERROR - Failed to execute job 208 for task load_briefing_data (invalid input syntax for type real: ""
CONTEXT:  COPY briefing, line 19, column flat_fee: ""
; 112820)
[2022-08-07 15:24:12,703] {local_task_job.py:156} INFO - Task exited with return code 1
[2022-08-07 15:24:12,713] {local_task_job.py:273} INFO - 0 downstream tasks scheduled from follow-on schedule check
