[2022-08-07 15:41:52,096] {taskinstance.py:1179} INFO - Dependencies all met for <TaskInstance: load_ad_data.load_briefing_data manual__2022-08-07T11:53:09.761078+00:00 [queued]>
[2022-08-07 15:41:52,153] {taskinstance.py:1179} INFO - Dependencies all met for <TaskInstance: load_ad_data.load_briefing_data manual__2022-08-07T11:53:09.761078+00:00 [queued]>
[2022-08-07 15:41:52,153] {taskinstance.py:1376} INFO - 
--------------------------------------------------------------------------------
[2022-08-07 15:41:52,153] {taskinstance.py:1377} INFO - Starting attempt 23 of 28
[2022-08-07 15:41:52,153] {taskinstance.py:1378} INFO - 
--------------------------------------------------------------------------------
[2022-08-07 15:41:52,164] {taskinstance.py:1397} INFO - Executing <Task(PostgresOperator): load_briefing_data> on 2022-08-07 11:53:09.761078+00:00
[2022-08-07 15:41:52,167] {standard_task_runner.py:52} INFO - Started process 126739 to run task
[2022-08-07 15:41:52,169] {standard_task_runner.py:79} INFO - Running: ['airflow', 'tasks', 'run', 'load_ad_data', 'load_briefing_data', 'manual__2022-08-07T11:53:09.761078+00:00', '--job-id', '244', '--raw', '--subdir', 'DAGS_FOLDER/create_dag_raw_data_loader.py', '--cfg-path', '/tmp/tmp7jpn04v_', '--error-file', '/tmp/tmpok69aimg']
[2022-08-07 15:41:52,169] {standard_task_runner.py:80} INFO - Job 244: Subtask load_briefing_data
[2022-08-07 15:41:52,181] {logging_mixin.py:115} WARNING - /home/hp/miniconda3/envs/checker/lib/python3.8/site-packages/airflow/configuration.py:532 DeprecationWarning: The sql_engine_encoding option in [core] has been moved to the sql_engine_encoding option in [database] - the old setting has been used, but please update your config.
[2022-08-07 15:41:52,199] {task_command.py:371} INFO - Running <TaskInstance: load_ad_data.load_briefing_data manual__2022-08-07T11:53:09.761078+00:00 [running]> on host hp-HP-Pavilion-Laptop-15-eg0xxx
[2022-08-07 15:41:52,226] {taskinstance.py:1589} INFO - Exporting the following env vars:
AIRFLOW_CTX_DAG_OWNER=tesfaye
AIRFLOW_CTX_DAG_ID=load_ad_data
AIRFLOW_CTX_TASK_ID=load_briefing_data
AIRFLOW_CTX_EXECUTION_DATE=2022-08-07T11:53:09.761078+00:00
AIRFLOW_CTX_TRY_NUMBER=23
AIRFLOW_CTX_DAG_RUN_ID=manual__2022-08-07T11:53:09.761078+00:00
[2022-08-07 15:41:52,233] {base.py:68} INFO - Using connection ID 'postgres_connection' for task execution.
[2022-08-07 15:41:52,243] {sql.py:255} INFO - Running statement: COPY briefing FROM '/home/hp/airflow/data/briefing.csv' WITH DELIMITER AS ',' CSV HEADER;, parameters: None
[2022-08-07 15:41:52,246] {sql.py:264} INFO - Rows affected: 101
[2022-08-07 15:41:52,252] {taskinstance.py:1415} INFO - Marking task as SUCCESS. dag_id=load_ad_data, task_id=load_briefing_data, execution_date=20220807T115309, start_date=20220807T124152, end_date=20220807T124152
[2022-08-07 15:41:52,300] {local_task_job.py:156} INFO - Task exited with return code 0
[2022-08-07 15:41:52,321] {local_task_job.py:273} INFO - 1 downstream tasks scheduled from follow-on schedule check
