[2022-08-07 14:57:28,813] {taskinstance.py:1179} INFO - Dependencies all met for <TaskInstance: load_ad_data.load_briefing_data manual__2022-08-07T11:51:07.834855+00:00 [queued]>
[2022-08-07 14:57:28,869] {taskinstance.py:1179} INFO - Dependencies all met for <TaskInstance: load_ad_data.load_briefing_data manual__2022-08-07T11:51:07.834855+00:00 [queued]>
[2022-08-07 14:57:28,869] {taskinstance.py:1376} INFO - 
--------------------------------------------------------------------------------
[2022-08-07 14:57:28,869] {taskinstance.py:1377} INFO - Starting attempt 1 of 6
[2022-08-07 14:57:28,869] {taskinstance.py:1378} INFO - 
--------------------------------------------------------------------------------
[2022-08-07 14:57:28,878] {taskinstance.py:1397} INFO - Executing <Task(PostgresOperator): load_briefing_data> on 2022-08-07 11:51:07.834855+00:00
[2022-08-07 14:57:28,880] {standard_task_runner.py:52} INFO - Started process 94402 to run task
[2022-08-07 14:57:28,882] {standard_task_runner.py:79} INFO - Running: ['airflow', 'tasks', 'run', 'load_ad_data', 'load_briefing_data', 'manual__2022-08-07T11:51:07.834855+00:00', '--job-id', '158', '--raw', '--subdir', 'DAGS_FOLDER/create_dag_raw_data_loader.py', '--cfg-path', '/tmp/tmpihi6m6ah', '--error-file', '/tmp/tmp0j92kpd0']
[2022-08-07 14:57:28,882] {standard_task_runner.py:80} INFO - Job 158: Subtask load_briefing_data
[2022-08-07 14:57:28,892] {logging_mixin.py:115} WARNING - /home/hp/miniconda3/envs/checker/lib/python3.8/site-packages/airflow/configuration.py:532 DeprecationWarning: The sql_engine_encoding option in [core] has been moved to the sql_engine_encoding option in [database] - the old setting has been used, but please update your config.
[2022-08-07 14:57:28,906] {task_command.py:371} INFO - Running <TaskInstance: load_ad_data.load_briefing_data manual__2022-08-07T11:51:07.834855+00:00 [running]> on host hp-HP-Pavilion-Laptop-15-eg0xxx
[2022-08-07 14:57:28,933] {taskinstance.py:1589} INFO - Exporting the following env vars:
AIRFLOW_CTX_DAG_OWNER=tesfaye
AIRFLOW_CTX_DAG_ID=load_ad_data
AIRFLOW_CTX_TASK_ID=load_briefing_data
AIRFLOW_CTX_EXECUTION_DATE=2022-08-07T11:51:07.834855+00:00
AIRFLOW_CTX_TRY_NUMBER=1
AIRFLOW_CTX_DAG_RUN_ID=manual__2022-08-07T11:51:07.834855+00:00
[2022-08-07 14:57:28,939] {base.py:68} INFO - Using connection ID 'postgres_connection' for task execution.
[2022-08-07 14:57:28,945] {sql.py:255} INFO - Running statement: COPY Warehouse.raw_data FROM '../data/briefing.csv' WITH DELIMITER AS ';' NULL AS '\null' CSV HEADER;, parameters: None
[2022-08-07 14:57:28,945] {taskinstance.py:1909} ERROR - Task failed with exception
Traceback (most recent call last):
  File "/home/hp/miniconda3/envs/checker/lib/python3.8/site-packages/airflow/providers/postgres/operators/postgres.py", line 92, in execute
    self.hook.run(self.sql, self.autocommit, parameters=self.parameters)
  File "/home/hp/miniconda3/envs/checker/lib/python3.8/site-packages/airflow/providers/common/sql/hooks/sql.py", line 234, in run
    self._run_command(cur, sql_statement, parameters)
  File "/home/hp/miniconda3/envs/checker/lib/python3.8/site-packages/airflow/providers/common/sql/hooks/sql.py", line 260, in _run_command
    cur.execute(sql_statement)
psycopg2.errors.InvalidSchemaName: schema "warehouse" does not exist

[2022-08-07 14:57:28,947] {taskinstance.py:1415} INFO - Marking task as UP_FOR_RETRY. dag_id=load_ad_data, task_id=load_briefing_data, execution_date=20220807T115107, start_date=20220807T115728, end_date=20220807T115728
[2022-08-07 14:57:28,954] {standard_task_runner.py:92} ERROR - Failed to execute job 158 for task load_briefing_data (schema "warehouse" does not exist
; 94402)
[2022-08-07 14:57:28,973] {local_task_job.py:156} INFO - Task exited with return code 1
[2022-08-07 14:57:28,986] {local_task_job.py:273} INFO - 0 downstream tasks scheduled from follow-on schedule check
