2022-08-09 07:42:16,890:logger:successfully got catagorical columns
2022-08-09 07:42:16,895:logger:successfully got catagorical columns
2022-08-09 07:42:16,900:logger:successfully got numerical columns
2022-08-09 07:42:17,579:logger:could not convert string to float: 'click-through-event'
2022-08-09 07:42:17,580:logger:'TrainingPipeline' object has no attribute '_TrainingPipeline__pipeline'
2022-08-09 07:44:33,463:logger:successfully got catagorical columns
2022-08-09 07:44:33,466:logger:successfully got catagorical columns
2022-08-09 07:44:33,471:logger:successfully got numerical columns
2022-08-09 07:44:34,135:logger:could not convert string to float: 'impression'
2022-08-09 07:44:34,136:logger:'TrainingPipeline' object has no attribute '_TrainingPipeline__pipeline'
2022-08-09 07:45:51,421:logger:successfully got catagorical columns
2022-08-09 07:45:51,425:logger:successfully got catagorical columns
2022-08-09 07:45:51,431:logger:successfully got numerical columns
2022-08-09 07:45:52,088:logger:could not convert string to float: 'impression'
2022-08-09 07:45:52,089:logger:'TrainingPipeline' object has no attribute '_TrainingPipeline__pipeline'
2022-08-09 07:46:59,733:logger:successfully got catagorical columns
2022-08-09 07:46:59,739:logger:successfully got catagorical columns
2022-08-09 07:46:59,745:logger:successfully got numerical columns
2022-08-09 07:47:00,381:logger:could not convert string to float: 'impression'
2022-08-09 07:47:00,388:logger:'TrainingPipeline' object has no attribute '_TrainingPipeline__pipeline'
2022-08-09 08:40:41,626:logger:successfully got catagorical columns
2022-08-09 08:40:43,366:logger:successfully got catagorical columns
2022-08-09 08:40:43,376:logger:successfully got numerical columns
2022-08-09 08:40:49,523:logger:RMSE Score: 0.4679223740709575
2022-08-09 08:40:49,524:logger:R2_Squared: 0.08028676713837235
2022-08-09 08:40:49,525:logger:MAE Score: 0.27493102041316547
2022-08-09 08:40:49,528:logger:Accuracy: 29.43 %.
2022-08-09 08:40:49,592:logger:feature importance plotted
2022-08-09 08:45:43,384:logger:successfully got catagorical columns
2022-08-09 08:45:45,157:logger:successfully got catagorical columns
2022-08-09 08:45:45,170:logger:successfully got numerical columns
2022-08-09 08:45:51,169:logger:RMSE Score: 0.46711142869483163
2022-08-09 08:45:51,171:logger:R2_Squared: 0.08972989552450572
2022-08-09 08:45:51,171:logger:MAE Score: 0.27489254419103537
2022-08-09 08:45:51,175:logger:Accuracy: 29.37 %.
2022-08-09 08:45:51,230:logger:feature importance plotted
