[2022-08-07 15:41:54,271] {taskinstance.py:1179} INFO - Dependencies all met for <TaskInstance: load_ad_data.load_campaigns_inventory_data manual__2022-08-07T11:53:09.761078+00:00 [queued]>
[2022-08-07 15:41:54,329] {taskinstance.py:1179} INFO - Dependencies all met for <TaskInstance: load_ad_data.load_campaigns_inventory_data manual__2022-08-07T11:53:09.761078+00:00 [queued]>
[2022-08-07 15:41:54,330] {taskinstance.py:1376} INFO - 
--------------------------------------------------------------------------------
[2022-08-07 15:41:54,330] {taskinstance.py:1377} INFO - Starting attempt 1 of 6
[2022-08-07 15:41:54,330] {taskinstance.py:1378} INFO - 
--------------------------------------------------------------------------------
[2022-08-07 15:41:54,340] {taskinstance.py:1397} INFO - Executing <Task(PostgresOperator): load_campaigns_inventory_data> on 2022-08-07 11:53:09.761078+00:00
[2022-08-07 15:41:54,343] {standard_task_runner.py:52} INFO - Started process 126802 to run task
[2022-08-07 15:41:54,345] {standard_task_runner.py:79} INFO - Running: ['airflow', 'tasks', 'run', 'load_ad_data', 'load_campaigns_inventory_data', 'manual__2022-08-07T11:53:09.761078+00:00', '--job-id', '245', '--raw', '--subdir', 'DAGS_FOLDER/create_dag_raw_data_loader.py', '--cfg-path', '/tmp/tmpvtqzu_og', '--error-file', '/tmp/tmp0ypirjc5']
[2022-08-07 15:41:54,346] {standard_task_runner.py:80} INFO - Job 245: Subtask load_campaigns_inventory_data
[2022-08-07 15:41:54,359] {logging_mixin.py:115} WARNING - /home/hp/miniconda3/envs/checker/lib/python3.8/site-packages/airflow/configuration.py:532 DeprecationWarning: The sql_engine_encoding option in [core] has been moved to the sql_engine_encoding option in [database] - the old setting has been used, but please update your config.
[2022-08-07 15:41:54,376] {task_command.py:371} INFO - Running <TaskInstance: load_ad_data.load_campaigns_inventory_data manual__2022-08-07T11:53:09.761078+00:00 [running]> on host hp-HP-Pavilion-Laptop-15-eg0xxx
[2022-08-07 15:41:54,410] {taskinstance.py:1589} INFO - Exporting the following env vars:
AIRFLOW_CTX_DAG_OWNER=tesfaye
AIRFLOW_CTX_DAG_ID=load_ad_data
AIRFLOW_CTX_TASK_ID=load_campaigns_inventory_data
AIRFLOW_CTX_EXECUTION_DATE=2022-08-07T11:53:09.761078+00:00
AIRFLOW_CTX_TRY_NUMBER=1
AIRFLOW_CTX_DAG_RUN_ID=manual__2022-08-07T11:53:09.761078+00:00
[2022-08-07 15:41:54,418] {base.py:68} INFO - Using connection ID 'postgres_connection' for task execution.
[2022-08-07 15:41:54,427] {sql.py:255} INFO - Running statement: COPY campaigns_inventory FROM '/home/hp/airflow/data/campaigns_inventory_updated.csv' WITH DELIMITER AS ',' NULL AS '\null' CSV HEADER;, parameters: None
[2022-08-07 15:41:55,966] {sql.py:264} INFO - Rows affected: 422387
[2022-08-07 15:41:55,986] {taskinstance.py:1415} INFO - Marking task as SUCCESS. dag_id=load_ad_data, task_id=load_campaigns_inventory_data, execution_date=20220807T115309, start_date=20220807T124154, end_date=20220807T124155
[2022-08-07 15:41:56,041] {local_task_job.py:156} INFO - Task exited with return code 0
[2022-08-07 15:41:56,061] {local_task_job.py:273} INFO - 1 downstream tasks scheduled from follow-on schedule check
