[2022-08-07 14:45:12,915] {taskinstance.py:1179} INFO - Dependencies all met for <TaskInstance: load_ad_data.format_design_json_dataset manual__2022-08-07T11:35:00.079511+00:00 [queued]>
[2022-08-07 14:45:12,971] {taskinstance.py:1179} INFO - Dependencies all met for <TaskInstance: load_ad_data.format_design_json_dataset manual__2022-08-07T11:35:00.079511+00:00 [queued]>
[2022-08-07 14:45:12,971] {taskinstance.py:1376} INFO - 
--------------------------------------------------------------------------------
[2022-08-07 14:45:12,971] {taskinstance.py:1377} INFO - Starting attempt 6 of 6
[2022-08-07 14:45:12,971] {taskinstance.py:1378} INFO - 
--------------------------------------------------------------------------------
[2022-08-07 14:45:12,981] {taskinstance.py:1397} INFO - Executing <Task(PythonOperator): format_design_json_dataset> on 2022-08-07 11:35:00.079511+00:00
[2022-08-07 14:45:12,983] {standard_task_runner.py:52} INFO - Started process 85313 to run task
[2022-08-07 14:45:12,986] {standard_task_runner.py:79} INFO - Running: ['airflow', 'tasks', 'run', 'load_ad_data', 'format_design_json_dataset', 'manual__2022-08-07T11:35:00.079511+00:00', '--job-id', '134', '--raw', '--subdir', 'DAGS_FOLDER/create_dag_raw_data_loader.py', '--cfg-path', '/tmp/tmpm9cd2qw7', '--error-file', '/tmp/tmpotpoz1su']
[2022-08-07 14:45:12,986] {standard_task_runner.py:80} INFO - Job 134: Subtask format_design_json_dataset
[2022-08-07 14:45:12,998] {logging_mixin.py:115} WARNING - /home/hp/miniconda3/envs/checker/lib/python3.8/site-packages/airflow/configuration.py:532 DeprecationWarning: The sql_engine_encoding option in [core] has been moved to the sql_engine_encoding option in [database] - the old setting has been used, but please update your config.
[2022-08-07 14:45:13,015] {task_command.py:371} INFO - Running <TaskInstance: load_ad_data.format_design_json_dataset manual__2022-08-07T11:35:00.079511+00:00 [running]> on host hp-HP-Pavilion-Laptop-15-eg0xxx
[2022-08-07 14:45:13,041] {taskinstance.py:1589} INFO - Exporting the following env vars:
AIRFLOW_CTX_DAG_OWNER=tesfaye
AIRFLOW_CTX_DAG_ID=load_ad_data
AIRFLOW_CTX_TASK_ID=format_design_json_dataset
AIRFLOW_CTX_EXECUTION_DATE=2022-08-07T11:35:00.079511+00:00
AIRFLOW_CTX_TRY_NUMBER=6
AIRFLOW_CTX_DAG_RUN_ID=manual__2022-08-07T11:35:00.079511+00:00
[2022-08-07 14:45:13,042] {taskinstance.py:1909} ERROR - Task failed with exception
Traceback (most recent call last):
  File "/home/hp/miniconda3/envs/checker/lib/python3.8/site-packages/airflow/operators/python.py", line 171, in execute
    return_value = self.execute_callable()
  File "/home/hp/miniconda3/envs/checker/lib/python3.8/site-packages/airflow/operators/python.py", line 189, in execute_callable
    return self.python_callable(*self.op_args, **self.op_kwargs)
  File "/home/hp/airflow/dags/create_dag_raw_data_loader.py", line 18, in format_design_json_data
    with open(location) as f:
FileNotFoundError: [Errno 2] No such file or directory: './data/global_design_data.json'
[2022-08-07 14:45:13,047] {taskinstance.py:1415} INFO - Marking task as FAILED. dag_id=load_ad_data, task_id=format_design_json_dataset, execution_date=20220807T113500, start_date=20220807T114512, end_date=20220807T114513
[2022-08-07 14:45:13,055] {standard_task_runner.py:92} ERROR - Failed to execute job 134 for task format_design_json_dataset ([Errno 2] No such file or directory: './data/global_design_data.json'; 85313)
[2022-08-07 14:45:13,077] {local_task_job.py:156} INFO - Task exited with return code 1
[2022-08-07 14:45:13,097] {local_task_job.py:273} INFO - 0 downstream tasks scheduled from follow-on schedule check
