[2022-08-07 14:53:38,283] {taskinstance.py:1179} INFO - Dependencies all met for <TaskInstance: load_ad_data.format_design_json_dataset manual__2022-08-07T11:47:31.648532+00:00 [queued]>
[2022-08-07 14:53:38,351] {taskinstance.py:1179} INFO - Dependencies all met for <TaskInstance: load_ad_data.format_design_json_dataset manual__2022-08-07T11:47:31.648532+00:00 [queued]>
[2022-08-07 14:53:38,352] {taskinstance.py:1376} INFO - 
--------------------------------------------------------------------------------
[2022-08-07 14:53:38,352] {taskinstance.py:1377} INFO - Starting attempt 4 of 6
[2022-08-07 14:53:38,352] {taskinstance.py:1378} INFO - 
--------------------------------------------------------------------------------
[2022-08-07 14:53:38,360] {taskinstance.py:1397} INFO - Executing <Task(PythonOperator): format_design_json_dataset> on 2022-08-07 11:47:31.648532+00:00
[2022-08-07 14:53:38,362] {standard_task_runner.py:52} INFO - Started process 91715 to run task
[2022-08-07 14:53:38,364] {standard_task_runner.py:79} INFO - Running: ['airflow', 'tasks', 'run', 'load_ad_data', 'format_design_json_dataset', 'manual__2022-08-07T11:47:31.648532+00:00', '--job-id', '146', '--raw', '--subdir', 'DAGS_FOLDER/create_dag_raw_data_loader.py', '--cfg-path', '/tmp/tmp2id8px65', '--error-file', '/tmp/tmp5slwjxim']
[2022-08-07 14:53:38,364] {standard_task_runner.py:80} INFO - Job 146: Subtask format_design_json_dataset
[2022-08-07 14:53:38,374] {logging_mixin.py:115} WARNING - /home/hp/miniconda3/envs/checker/lib/python3.8/site-packages/airflow/configuration.py:532 DeprecationWarning: The sql_engine_encoding option in [core] has been moved to the sql_engine_encoding option in [database] - the old setting has been used, but please update your config.
[2022-08-07 14:53:38,386] {task_command.py:371} INFO - Running <TaskInstance: load_ad_data.format_design_json_dataset manual__2022-08-07T11:47:31.648532+00:00 [running]> on host hp-HP-Pavilion-Laptop-15-eg0xxx
[2022-08-07 14:53:38,407] {taskinstance.py:1589} INFO - Exporting the following env vars:
AIRFLOW_CTX_DAG_OWNER=tesfaye
AIRFLOW_CTX_DAG_ID=load_ad_data
AIRFLOW_CTX_TASK_ID=format_design_json_dataset
AIRFLOW_CTX_EXECUTION_DATE=2022-08-07T11:47:31.648532+00:00
AIRFLOW_CTX_TRY_NUMBER=4
AIRFLOW_CTX_DAG_RUN_ID=manual__2022-08-07T11:47:31.648532+00:00
[2022-08-07 14:53:38,408] {create_dag_raw_data_loader.py:19} INFO - /home/hp/airflow
[2022-08-07 14:53:38,565] {python.py:173} INFO - Done. Returned value was: None
[2022-08-07 14:53:38,569] {taskinstance.py:1415} INFO - Marking task as SUCCESS. dag_id=load_ad_data, task_id=format_design_json_dataset, execution_date=20220807T114731, start_date=20220807T115338, end_date=20220807T115338
[2022-08-07 14:53:38,615] {local_task_job.py:156} INFO - Task exited with return code 0
[2022-08-07 14:53:38,640] {local_task_job.py:273} INFO - 1 downstream tasks scheduled from follow-on schedule check
